<?xml version="1.0" encoding="UTF-8"?>
<!-- Generated by org.testng.reporters.JUnitReportReporter -->
<testsuite hostname="TRD-128" failures="0" tests="6" name="com.firstprogram.Firstprogram" time="4.119" errors="0" timestamp="2023-08-05T13:11:33 IST" skipped="0">
  <testcase classname="com.firstprogram.Firstprogram" name="test5" time="0.555"/>
  <testcase classname="com.firstprogram.Firstprogram" name="test6" time="0.116"/>
  <testcase classname="com.firstprogram.Firstprogram" name="test1" time="1.749"/>
  <testcase classname="com.firstprogram.Firstprogram" name="test2" time="0.640"/>
  <testcase classname="com.firstprogram.Firstprogram" name="test3" time="0.523"/>
  <testcase classname="com.firstprogram.Firstprogram" name="test4" time="0.536"/>
</testsuite> <!-- com.firstprogram.Firstprogram -->
