<?xml version="1.0" encoding="UTF-8"?>
<!-- Generated by org.testng.reporters.JUnitReportReporter -->
<testsuite hostname="TRD-128" failures="0" tests="1" name="com.coforge.appiumtest.AppiumTest.AppiumTest_BrowserStack" time="39.230" errors="0" timestamp="2023-06-17T13:19:12 IST" skipped="0">
  <testcase classname="com.coforge.appiumtest.AppiumTest.AppiumTest_BrowserStack" name="verifyAddTest" time="39.230"/>
</testsuite> <!-- com.coforge.appiumtest.AppiumTest.AppiumTest_BrowserStack -->
