<?xml version="1.0" encoding="UTF-8"?>
<!-- Generated by org.testng.reporters.JUnitReportReporter -->
<testsuite hostname="TRD-128" failures="0" tests="1" name="com.coforge.appiumtest.AppiumTest.CalculatorApp_AndroidVirtualDevice" time="9.938" errors="0" timestamp="2023-09-16T13:37:30 IST" skipped="0">
  <testcase classname="com.coforge.appiumtest.AppiumTest.CalculatorApp_AndroidVirtualDevice" name="verifyAddTest" time="9.938"/>
</testsuite> <!-- com.coforge.appiumtest.AppiumTest.CalculatorApp_AndroidVirtualDevice -->
